[10:50:04] [ServerMain/INFO]: Environment: authHost='https://authserver.mojang.com', accountsHost='https://api.mojang.com', sessionHost='https://sessionserver.mojang.com', servicesHost='https://api.minecraftservices.com', name='PROD'
[10:50:07] [ServerMain/INFO]: Loaded 7 recipes
[10:50:09] [Server thread/INFO]: Starting minecraft server version 1.20.1
[10:50:09] [Server thread/INFO]: Loading properties
[10:50:09] [Server thread/INFO]: This server is running Paper version git-Paper-132 (MC: 1.20.1) (Implementing API version 1.20.1-R0.1-SNAPSHOT) (Git: eb8f2bb)
[10:50:09] [Server thread/INFO]: Server Ping Player Sample Count: 12
[10:50:09] [Server thread/INFO]: Using 4 threads for Netty based IO
[10:50:09] [Server thread/WARN]: [!] The timings profiler has been enabled but has been scheduled for removal from Paper in the future.
    We recommend installing the spark profiler as a replacement: https://spark.lucko.me/
    For more information please visit: https://github.com/PaperMC/Paper/issues/8948
[10:50:09] [Server thread/INFO]: [ChunkTaskScheduler] Chunk system is using 1 I/O threads, 2 worker threads, and gen parallelism of 2 threads
[10:50:10] [Server console handler/ERROR]: [TerminalConsole] Failed to read console input
java.io.IOException: The handle is invalid
	at java.io.FileInputStream.readBytes(Native Method) ~[?:?]
	at java.io.FileInputStream.read(FileInputStream.java:276) ~[?:?]
	at java.io.BufferedInputStream.read1(BufferedInputStream.java:282) ~[?:?]
	at java.io.BufferedInputStream.read(BufferedInputStream.java:343) ~[?:?]
	at sun.nio.cs.StreamDecoder.readBytes(StreamDecoder.java:270) ~[?:?]
	at sun.nio.cs.StreamDecoder.implRead(StreamDecoder.java:313) ~[?:?]
	at sun.nio.cs.StreamDecoder.read(StreamDecoder.java:188) ~[?:?]
	at java.io.InputStreamReader.read(InputStreamReader.java:177) ~[?:?]
	at java.io.BufferedReader.fill(BufferedReader.java:162) ~[?:?]
	at java.io.BufferedReader.readLine(BufferedReader.java:329) ~[?:?]
	at java.io.BufferedReader.readLine(BufferedReader.java:396) ~[?:?]
	at net.minecrell.terminalconsole.SimpleTerminalConsole.readCommands(SimpleTerminalConsole.java:180) ~[terminalconsoleappender-1.3.0.jar:?]
	at net.minecrell.terminalconsole.SimpleTerminalConsole.start(SimpleTerminalConsole.java:143) ~[terminalconsoleappender-1.3.0.jar:?]
	at net.minecraft.server.dedicated.DedicatedServer$1.run(DedicatedServer.java:102) ~[paper-1.20.1.jar:git-Paper-132]
	Suppressed: java.io.IOException: The handle is invalid
		at java.io.FileDescriptor.close0(Native Method) ~[?:?]
		at java.io.FileDescriptor.close(FileDescriptor.java:297) ~[?:?]
		at java.io.FileInputStream$1.close(FileInputStream.java:459) ~[?:?]
		at java.io.FileDescriptor.closeAll(FileDescriptor.java:355) ~[?:?]
		at java.io.FileInputStream.close(FileInputStream.java:457) ~[?:?]
		at java.io.BufferedInputStream.close(BufferedInputStream.java:481) ~[?:?]
		at sun.nio.cs.StreamDecoder.implClose(StreamDecoder.java:366) ~[?:?]
		at sun.nio.cs.StreamDecoder.close(StreamDecoder.java:204) ~[?:?]
		at java.io.InputStreamReader.close(InputStreamReader.java:192) ~[?:?]
		at java.io.BufferedReader.close(BufferedReader.java:525) ~[?:?]
		at net.minecrell.terminalconsole.SimpleTerminalConsole.readCommands(SimpleTerminalConsole.java:183) ~[terminalconsoleappender-1.3.0.jar:?]
		at net.minecrell.terminalconsole.SimpleTerminalConsole.start(SimpleTerminalConsole.java:143) ~[terminalconsoleappender-1.3.0.jar:?]
		at net.minecraft.server.dedicated.DedicatedServer$1.run(DedicatedServer.java:102) ~[paper-1.20.1.jar:git-Paper-132]
[10:50:10] [Server thread/INFO]: Default game type: SURVIVAL
[10:50:10] [Server thread/INFO]: Generating keypair
[10:50:10] [Server thread/INFO]: Starting Minecraft server on *:25565
[10:50:10] [Server thread/INFO]: Using default channel type
[10:50:10] [Server thread/INFO]: Paper: Using Java compression from Velocity.
[10:50:10] [Server thread/INFO]: Paper: Using Java cipher from Velocity.
[10:50:12] [Server thread/INFO]: [AuthMe] Loading server plugin AuthMe v5.6.0-beta2-b2453
[10:50:12] [Server thread/INFO]: Server permissions file permissions.yml is empty, ignoring it
[10:50:12] [Server thread/WARN]: **** SERVER IS RUNNING IN OFFLINE/INSECURE MODE!
[10:50:12] [Server thread/WARN]: The server will make no attempt to authenticate usernames. Beware.
[10:50:12] [Server thread/WARN]: While this makes the game possible to play without internet access, it also opens up the ability for hackers to connect with any username they choose.
[10:50:12] [Server thread/WARN]: To change this, set "online-mode" to "true" in the server.properties file.
[10:50:12] [Server thread/INFO]: Preparing level "world"
[10:50:13] [Server thread/INFO]: Preparing start region for dimension minecraft:overworld
[10:50:14] [Server thread/INFO]: Time elapsed: 1329 ms
[10:50:14] [Server thread/INFO]: Preparing start region for dimension minecraft:the_nether
[10:50:14] [Server thread/INFO]: Time elapsed: 86 ms
[10:50:14] [Server thread/INFO]: Preparing start region for dimension minecraft:the_end
[10:50:14] [Server thread/INFO]: Time elapsed: 76 ms
[10:50:14] [Server thread/INFO]: [AuthMe] Enabling AuthMe v5.6.0-beta2-b2453
[10:50:16] [Server thread/INFO]: [AuthMe] SQLite Setup finished
[10:50:17] [Server thread/INFO]: [AuthMe] No supported permissions system found! Permissions are disabled!
[10:50:18] [Server thread/WARN]: [AuthMe] WARNING! The protectInventory feature requires ProtocolLib! Disabling it...
[10:50:18] [Server thread/INFO]: [AuthMe] AuthMe 5.6.0-beta2 build n.2453 successfully enabled!
[10:50:18] [Server thread/INFO]: Running delayed init tasks
[10:50:18] [Server thread/INFO]: Done (9.676s)! For help, type "help"
[10:50:18] [Server thread/INFO]: Timings Reset
[10:50:19] [Craft Scheduler Thread - 2 - AuthMe/INFO]: [AuthMe] Downloading GEO IP database, because the old database is older than 30 days or doesn't exist
[10:50:19] [Craft Scheduler Thread - 2 - AuthMe/WARN]: [AuthMe] No MaxMind credentials found in the configuration file! GeoIp protections will be disabled.
[10:50:19] [Craft Scheduler Thread - 2 - AuthMe/INFO]: [AuthMe] There is no newer GEO IP database uploaded to MaxMind. Using the old one for now.
[10:50:19] [Craft Scheduler Thread - 2 - AuthMe/WARN]: [AuthMe] Could not download GeoLiteAPI database [FileNotFoundException]: plugins\AuthMe\GeoLite2-Country.mmdb (The system cannot find the file specified)
[10:51:20] [Server thread/INFO]: Stopping server
[10:51:20] [Server thread/INFO]: [AuthMe] Disabling AuthMe v5.6.0-beta2-b2453
[10:51:20] [Server thread/INFO]: [AuthMe] Waiting for 0 tasks to finish
[10:51:20] [Server thread/INFO]: [AuthMe] AuthMe 5.6.0-beta2-b2453 disabled!
[10:51:20] [Server thread/INFO]: Saving players
[10:51:20] [Server thread/INFO]: Saving worlds
[10:51:20] [Server thread/INFO]: Saving chunks for level 'ServerLevel[world]'/minecraft:overworld
[10:51:20] [Server thread/INFO]: [ChunkHolderManager] Waiting 60s for chunk system to halt for world 'world'
[10:51:20] [Server thread/INFO]: [ChunkHolderManager] Halted chunk system for world 'world'
[10:51:20] [Server thread/INFO]: [ChunkHolderManager] Saving all chunkholders for world 'world'
[10:51:22] [Server thread/INFO]: [ChunkHolderManager] Saved 529 block chunks, 529 entity chunks, 0 poi chunks in world 'world' in 1.29s
[10:51:22] [Server thread/INFO]: ThreadedAnvilChunkStorage (world): All chunks are saved
[10:51:22] [Server thread/INFO]: Saving chunks for level 'ServerLevel[world_nether]'/minecraft:the_nether
[10:51:22] [Server thread/INFO]: [ChunkHolderManager] Waiting 60s for chunk system to halt for world 'world_nether'
[10:51:22] [Server thread/INFO]: [ChunkHolderManager] Halted chunk system for world 'world_nether'
[10:51:22] [Server thread/INFO]: [ChunkHolderManager] Saving all chunkholders for world 'world_nether'
[10:51:22] [Server thread/INFO]: [ChunkHolderManager] Saved 529 block chunks, 529 entity chunks, 0 poi chunks in world 'world_nether' in 0.69s
[10:51:22] [Server thread/INFO]: ThreadedAnvilChunkStorage (DIM-1): All chunks are saved
[10:51:22] [Server thread/INFO]: Saving chunks for level 'ServerLevel[world_the_end]'/minecraft:the_end
[10:51:22] [Server thread/INFO]: [ChunkHolderManager] Waiting 60s for chunk system to halt for world 'world_the_end'
[10:51:22] [Server thread/INFO]: [ChunkHolderManager] Halted chunk system for world 'world_the_end'
[10:51:22] [Server thread/INFO]: [ChunkHolderManager] Saving all chunkholders for world 'world_the_end'
[10:51:23] [Server thread/INFO]: [ChunkHolderManager] Saved 529 block chunks, 529 entity chunks, 0 poi chunks in world 'world_the_end' in 0.23s
[10:51:23] [Server thread/INFO]: ThreadedAnvilChunkStorage (DIM1): All chunks are saved
[10:51:23] [Server thread/INFO]: ThreadedAnvilChunkStorage: All dimensions are saved
[10:51:23] [Server thread/INFO]: Flushing Chunk IO
[10:51:23] [Server thread/INFO]: Closing Thread Pool
[10:51:23] [Server thread/INFO]: Closing Server
